[ 2015-02-28T00:33:16+08:00 ] 127.0.0.1 /Blog/
INFO: [ app_begin ] --START--
INFO: ReadHtmlCache Behavior ::run [ RunTime:0.001736s ]
INFO: [ app_begin ] --END-- [ RunTime:0.002052s ]
INFO: [ view_parse ] --START--
INFO: ParseTemplate Behavior ::run [ RunTime:0.016047s ]
INFO: [ view_parse ] --END-- [ RunTime:0.016357s ]
INFO: [ view_filter ] --START--
NOTIC: [8] Use of undefined constant APP_TMPL_PATH - assumed 'APP_TMPL_PATH' D:\wamp\www\Blog\ThinkPHP\Lib\Behavior\ContentReplaceBehavior.class.php 第 40 行.
NOTIC: [8] Use of undefined constant APP_TMPL_PATH - assumed 'APP_TMPL_PATH' D:\wamp\www\Blog\ThinkPHP\Lib\Behavior\ContentReplaceBehavior.class.php 第 47 行.
INFO: ContentReplace Behavior ::run [ RunTime:0.001149s ]
INFO: TokenBuild Behavior ::run [ RunTime:0.000800s ]
INFO: WriteHtmlCache Behavior ::run [ RunTime:0.000652s ]
INFO: ShowRuntime Behavior ::run [ RunTime:0.001303s ]
INFO: [ view_filter ] --END-- [ RunTime:0.004505s ]
INFO: [ view_end ] --START--
INFO: ShowPageTrace Behavior ::run [ RunTime:0.001581s ]
INFO: [ view_end ] --END-- [ RunTime:0.001823s ]

[ 2015-02-28T00:34:21+08:00 ] 127.0.0.1 /Blog/
INFO: [ app_begin ] --START--
INFO: ReadHtmlCache Behavior ::run [ RunTime:0.001122s ]
INFO: [ app_begin ] --END-- [ RunTime:0.001333s ]
ERR: 无法加载模块:Index

[ 2015-02-28T00:34:25+08:00 ] 127.0.0.1 /Blog/
INFO: [ app_begin ] --START--
INFO: ReadHtmlCache Behavior ::run [ RunTime:0.001358s ]
INFO: [ app_begin ] --END-- [ RunTime:0.001667s ]
ERR: 无法加载模块:Index

[ 2015-02-28T00:34:56+08:00 ] 127.0.0.1 /Blog/
INFO: [ app_begin ] --START--
INFO: ReadHtmlCache Behavior ::run [ RunTime:0.001841s ]
INFO: [ app_begin ] --END-- [ RunTime:0.002181s ]
ERR: 无法加载模块:Index

[ 2015-02-28T00:34:59+08:00 ] 127.0.0.1 /Blog/
INFO: [ app_begin ] --START--
INFO: ReadHtmlCache Behavior ::run [ RunTime:0.001567s ]
INFO: [ app_begin ] --END-- [ RunTime:0.001889s ]
ERR: 无法加载模块:Index

[ 2015-02-28T00:36:15+08:00 ] 127.0.0.1 /Blog/
INFO: [ app_begin ] --START--
INFO: ReadHtmlCache Behavior ::run [ RunTime:0.001771s ]
INFO: [ app_begin ] --END-- [ RunTime:0.002075s ]
ERR: 无法加载模块:Index

[ 2015-02-28T00:36:18+08:00 ] 127.0.0.1 /Blog/
INFO: [ app_begin ] --START--
INFO: ReadHtmlCache Behavior ::run [ RunTime:0.001604s ]
INFO: [ app_begin ] --END-- [ RunTime:0.001821s ]
ERR: 无法加载模块:Index

[ 2015-02-28T00:36:19+08:00 ] 127.0.0.1 /Blog/
INFO: [ app_begin ] --START--
INFO: ReadHtmlCache Behavior ::run [ RunTime:0.001689s ]
INFO: [ app_begin ] --END-- [ RunTime:0.001894s ]
ERR: 无法加载模块:Index

[ 2015-02-28T00:45:21+08:00 ] 127.0.0.1 /Blog/
INFO: [ app_begin ] --START--
INFO: ReadHtmlCache Behavior ::run [ RunTime:0.001682s ]
INFO: [ app_begin ] --END-- [ RunTime:0.001891s ]
ERR: 无法加载模块:Index

[ 2015-02-28T00:45:22+08:00 ] 127.0.0.1 /Blog/
INFO: [ app_begin ] --START--
INFO: ReadHtmlCache Behavior ::run [ RunTime:0.001636s ]
INFO: [ app_begin ] --END-- [ RunTime:0.001849s ]
ERR: 无法加载模块:Index

[ 2015-02-28T00:45:23+08:00 ] 127.0.0.1 /Blog/
INFO: [ app_begin ] --START--
INFO: ReadHtmlCache Behavior ::run [ RunTime:0.002270s ]
INFO: [ app_begin ] --END-- [ RunTime:0.002570s ]
ERR: 无法加载模块:Index

[ 2015-02-28T00:45:29+08:00 ] 127.0.0.1 /Blog/
INFO: [ app_begin ] --START--
INFO: ReadHtmlCache Behavior ::run [ RunTime:0.002313s ]
INFO: [ app_begin ] --END-- [ RunTime:0.002639s ]
ERR: 无法加载模块:Index

[ 2015-02-28T00:45:46+08:00 ] 127.0.0.1 /Blog/
INFO: [ app_begin ] --START--
INFO: ReadHtmlCache Behavior ::run [ RunTime:0.001645s ]
INFO: [ app_begin ] --END-- [ RunTime:0.001848s ]
INFO: [ view_parse ] --START--
INFO: ParseTemplate Behavior ::run [ RunTime:0.002615s ]
INFO: [ view_parse ] --END-- [ RunTime:0.002922s ]
INFO: [ view_filter ] --START--
NOTIC: [8] Use of undefined constant APP_TMPL_PATH - assumed 'APP_TMPL_PATH' D:\wamp\www\Blog\ThinkPHP\Lib\Behavior\ContentReplaceBehavior.class.php 第 40 行.
NOTIC: [8] Use of undefined constant APP_TMPL_PATH - assumed 'APP_TMPL_PATH' D:\wamp\www\Blog\ThinkPHP\Lib\Behavior\ContentReplaceBehavior.class.php 第 47 行.
INFO: ContentReplace Behavior ::run [ RunTime:0.001676s ]
INFO: TokenBuild Behavior ::run [ RunTime:0.001346s ]
INFO: WriteHtmlCache Behavior ::run [ RunTime:0.001094s ]
INFO: ShowRuntime Behavior ::run [ RunTime:0.001415s ]
INFO: [ view_filter ] --END-- [ RunTime:0.006049s ]
INFO: [ view_end ] --START--
INFO: ShowPageTrace Behavior ::run [ RunTime:0.001736s ]
INFO: [ view_end ] --END-- [ RunTime:0.001912s ]

[ 2015-02-28T00:46:02+08:00 ] 127.0.0.1 /Blog/
INFO: [ app_begin ] --START--
INFO: ReadHtmlCache Behavior ::run [ RunTime:0.001281s ]
INFO: [ app_begin ] --END-- [ RunTime:0.001529s ]
ERR: 无法加载模块:Index

[ 2015-02-28T00:46:07+08:00 ] 127.0.0.1 /Blog/index.php
INFO: [ app_begin ] --START--
INFO: ReadHtmlCache Behavior ::run [ RunTime:0.001296s ]
INFO: [ app_begin ] --END-- [ RunTime:0.001518s ]
ERR: 无法加载模块:Index

[ 2015-02-28T00:46:32+08:00 ] 127.0.0.1 /Blog/
INFO: [ app_begin ] --START--
INFO: ReadHtmlCache Behavior ::run [ RunTime:0.001691s ]
INFO: [ app_begin ] --END-- [ RunTime:0.001980s ]
ERR: 无法加载模块:Index

[ 2015-02-28T00:48:07+08:00 ] 127.0.0.1 /Blog/
INFO: [ app_begin ] --START--
INFO: ReadHtmlCache Behavior ::run [ RunTime:0.001228s ]
INFO: [ app_begin ] --END-- [ RunTime:0.001424s ]
ERR: 无法加载模块:Index

[ 2015-02-28T00:48:09+08:00 ] 127.0.0.1 /Blog/
INFO: [ app_begin ] --START--
INFO: ReadHtmlCache Behavior ::run [ RunTime:0.001776s ]
INFO: [ app_begin ] --END-- [ RunTime:0.002038s ]
ERR: 无法加载模块:Index

[ 2015-02-28T00:48:10+08:00 ] 127.0.0.1 /Blog/
INFO: [ app_begin ] --START--
INFO: ReadHtmlCache Behavior ::run [ RunTime:0.001512s ]
INFO: [ app_begin ] --END-- [ RunTime:0.001738s ]
ERR: 无法加载模块:Index

[ 2015-02-28T00:49:21+08:00 ] 127.0.0.1 /Blog/
INFO: [ app_begin ] --START--
INFO: ReadHtmlCache Behavior ::run [ RunTime:0.001211s ]
INFO: [ app_begin ] --END-- [ RunTime:0.001436s ]
INFO: [ view_parse ] --START--
INFO: ParseTemplate Behavior ::run [ RunTime:0.090591s ]
INFO: [ view_parse ] --END-- [ RunTime:0.090825s ]
INFO: [ view_filter ] --START--
NOTIC: [8] Use of undefined constant APP_TMPL_PATH - assumed 'APP_TMPL_PATH' D:\wamp\www\Blog\ThinkPHP\Lib\Behavior\ContentReplaceBehavior.class.php 第 40 行.
NOTIC: [8] Use of undefined constant APP_TMPL_PATH - assumed 'APP_TMPL_PATH' D:\wamp\www\Blog\ThinkPHP\Lib\Behavior\ContentReplaceBehavior.class.php 第 47 行.
INFO: ContentReplace Behavior ::run [ RunTime:0.001378s ]
INFO: TokenBuild Behavior ::run [ RunTime:0.000988s ]
INFO: WriteHtmlCache Behavior ::run [ RunTime:0.000733s ]
INFO: ShowRuntime Behavior ::run [ RunTime:0.001101s ]
INFO: [ view_filter ] --END-- [ RunTime:0.004672s ]
INFO: [ view_end ] --START--
INFO: ShowPageTrace Behavior ::run [ RunTime:0.001460s ]
INFO: [ view_end ] --END-- [ RunTime:0.001725s ]

