[ 2015-03-11T00:00:30+08:00 ] 127.0.0.1 /Blog/index.php/Admin/Login/index.html
INFO: [ route_check ] --START--
INFO: CheckRoute Behavior ::run [ RunTime:0.002588s ]
INFO: [ route_check ] --END-- [ RunTime:0.002971s ]
INFO: [ app_begin ] --START--
INFO: ReadHtmlCache Behavior ::run [ RunTime:0.001496s ]
INFO: [ app_begin ] --END-- [ RunTime:0.001779s ]
INFO: [ view_parse ] --START--
INFO: ParseTemplate Behavior ::run [ RunTime:0.021438s ]
INFO: [ view_parse ] --END-- [ RunTime:0.021852s ]
INFO: [ view_filter ] --START--
INFO: ContentReplace Behavior ::run [ RunTime:0.001324s ]
INFO: TokenBuild Behavior ::run [ RunTime:0.001368s ]
INFO: WriteHtmlCache Behavior ::run [ RunTime:0.000858s ]
INFO: ShowRuntime Behavior ::run [ RunTime:0.001445s ]
INFO: [ view_filter ] --END-- [ RunTime:0.005836s ]
INFO: [ view_end ] --START--
INFO: ShowPageTrace Behavior ::run [ RunTime:0.001359s ]
INFO: [ view_end ] --END-- [ RunTime:0.001683s ]

[ 2015-03-11T00:00:35+08:00 ] 127.0.0.1 /Blog/
INFO: [ app_begin ] --START--
INFO: ReadHtmlCache Behavior ::run [ RunTime:0.001200s ]
INFO: [ app_begin ] --END-- [ RunTime:0.001454s ]
INFO: [ view_parse ] --START--
INFO: ParseTemplate Behavior ::run [ RunTime:0.015131s ]
INFO: [ view_parse ] --END-- [ RunTime:0.015351s ]
INFO: [ view_filter ] --START--
INFO: ContentReplace Behavior ::run [ RunTime:0.000863s ]
INFO: TokenBuild Behavior ::run [ RunTime:0.000764s ]
INFO: WriteHtmlCache Behavior ::run [ RunTime:0.000580s ]
INFO: ShowRuntime Behavior ::run [ RunTime:0.001009s ]
INFO: [ view_filter ] --END-- [ RunTime:0.003763s ]
INFO: [ view_end ] --START--
INFO: ShowPageTrace Behavior ::run [ RunTime:0.001356s ]
INFO: [ view_end ] --END-- [ RunTime:0.001553s ]

[ 2015-03-11T00:01:14+08:00 ] 127.0.0.1 /Blog/
INFO: [ app_begin ] --START--
INFO: ReadHtmlCache Behavior ::run [ RunTime:0.001460s ]
INFO: [ app_begin ] --END-- [ RunTime:0.002012s ]
INFO: [ view_parse ] --START--
INFO: ParseTemplate Behavior ::run [ RunTime:0.013438s ]
INFO: [ view_parse ] --END-- [ RunTime:0.013662s ]
INFO: [ view_filter ] --START--
INFO: ContentReplace Behavior ::run [ RunTime:0.000903s ]
INFO: TokenBuild Behavior ::run [ RunTime:0.000680s ]
INFO: WriteHtmlCache Behavior ::run [ RunTime:0.000416s ]
INFO: ShowRuntime Behavior ::run [ RunTime:0.001600s ]
INFO: [ view_filter ] --END-- [ RunTime:0.004399s ]
INFO: [ view_end ] --START--
INFO: ShowPageTrace Behavior ::run [ RunTime:0.001163s ]
INFO: [ view_end ] --END-- [ RunTime:0.001400s ]

[ 2015-03-11T00:01:28+08:00 ] 127.0.0.1 /Blog/
INFO: [ app_begin ] --START--
INFO: ReadHtmlCache Behavior ::run [ RunTime:0.000862s ]
INFO: [ app_begin ] --END-- [ RunTime:0.001060s ]
INFO: [ view_parse ] --START--
INFO: ParseTemplate Behavior ::run [ RunTime:0.014312s ]
INFO: [ view_parse ] --END-- [ RunTime:0.014529s ]
INFO: [ view_filter ] --START--
INFO: ContentReplace Behavior ::run [ RunTime:0.000692s ]
INFO: TokenBuild Behavior ::run [ RunTime:0.000694s ]
INFO: WriteHtmlCache Behavior ::run [ RunTime:0.000442s ]
INFO: ShowRuntime Behavior ::run [ RunTime:0.000817s ]
INFO: [ view_filter ] --END-- [ RunTime:0.003127s ]
INFO: [ view_end ] --START--
INFO: ShowPageTrace Behavior ::run [ RunTime:0.000944s ]
INFO: [ view_end ] --END-- [ RunTime:0.001107s ]

[ 2015-03-11T00:02:21+08:00 ] 127.0.0.1 /Blog/index.php/Admin/Login/index.html
INFO: [ route_check ] --START--
INFO: CheckRoute Behavior ::run [ RunTime:0.001320s ]
INFO: [ route_check ] --END-- [ RunTime:0.001550s ]
INFO: [ app_begin ] --START--
INFO: ReadHtmlCache Behavior ::run [ RunTime:0.000843s ]
INFO: [ app_begin ] --END-- [ RunTime:0.001090s ]
INFO: [ view_parse ] --START--
INFO: ParseTemplate Behavior ::run [ RunTime:0.019993s ]
INFO: [ view_parse ] --END-- [ RunTime:0.020464s ]
INFO: [ view_filter ] --START--
INFO: ContentReplace Behavior ::run [ RunTime:0.001032s ]
INFO: TokenBuild Behavior ::run [ RunTime:0.001219s ]
INFO: WriteHtmlCache Behavior ::run [ RunTime:0.000813s ]
INFO: ShowRuntime Behavior ::run [ RunTime:0.001643s ]
INFO: [ view_filter ] --END-- [ RunTime:0.005653s ]
INFO: [ view_end ] --START--
INFO: ShowPageTrace Behavior ::run [ RunTime:0.001668s ]
INFO: [ view_end ] --END-- [ RunTime:0.001956s ]

[ 2015-03-11T00:02:30+08:00 ] 127.0.0.1 /Blog/index.php/Admin/Login/login.html
INFO: [ route_check ] --START--
INFO: CheckRoute Behavior ::run [ RunTime:0.002788s ]
INFO: [ route_check ] --END-- [ RunTime:0.003313s ]
INFO: [ app_begin ] --START--
INFO: ReadHtmlCache Behavior ::run [ RunTime:0.001137s ]
INFO: [ app_begin ] --END-- [ RunTime:0.001381s ]

[ 2015-03-11T00:02:30+08:00 ] 127.0.0.1 /Blog/index.php/Admin/Index/index.html
INFO: [ route_check ] --START--
INFO: CheckRoute Behavior ::run [ RunTime:0.001173s ]
INFO: [ route_check ] --END-- [ RunTime:0.001392s ]
INFO: [ app_begin ] --START--
INFO: ReadHtmlCache Behavior ::run [ RunTime:0.001324s ]
INFO: [ app_begin ] --END-- [ RunTime:0.001621s ]
INFO: [ view_parse ] --START--
INFO: ParseTemplate Behavior ::run [ RunTime:0.039023s ]
INFO: [ view_parse ] --END-- [ RunTime:0.039400s ]
INFO: [ view_filter ] --START--
INFO: ContentReplace Behavior ::run [ RunTime:0.002549s ]
INFO: TokenBuild Behavior ::run [ RunTime:0.001551s ]
INFO: WriteHtmlCache Behavior ::run [ RunTime:0.000715s ]
INFO: ShowRuntime Behavior ::run [ RunTime:0.001240s ]
INFO: [ view_filter ] --END-- [ RunTime:0.007010s ]
INFO: [ view_end ] --START--
INFO: ShowPageTrace Behavior ::run [ RunTime:0.001571s ]
INFO: [ view_end ] --END-- [ RunTime:0.001912s ]

[ 2015-03-11T00:03:01+08:00 ] 127.0.0.1 /Blog/index.php/Admin/Index/index.html
INFO: [ route_check ] --START--
INFO: CheckRoute Behavior ::run [ RunTime:0.001367s ]
INFO: [ route_check ] --END-- [ RunTime:0.001570s ]
INFO: [ app_begin ] --START--
INFO: ReadHtmlCache Behavior ::run [ RunTime:0.000916s ]
INFO: [ app_begin ] --END-- [ RunTime:0.001108s ]
INFO: [ view_parse ] --START--
INFO: ParseTemplate Behavior ::run [ RunTime:0.014072s ]
INFO: [ view_parse ] --END-- [ RunTime:0.014374s ]
INFO: [ view_filter ] --START--
INFO: ContentReplace Behavior ::run [ RunTime:0.000904s ]
INFO: TokenBuild Behavior ::run [ RunTime:0.000793s ]
INFO: WriteHtmlCache Behavior ::run [ RunTime:0.000537s ]
INFO: ShowRuntime Behavior ::run [ RunTime:0.000942s ]
INFO: [ view_filter ] --END-- [ RunTime:0.003647s ]
INFO: [ view_end ] --START--
INFO: ShowPageTrace Behavior ::run [ RunTime:0.001066s ]
INFO: [ view_end ] --END-- [ RunTime:0.001238s ]

[ 2015-03-11T00:03:18+08:00 ] 127.0.0.1 /Blog/index.php/Admin/Index/index.html
INFO: [ route_check ] --START--
INFO: CheckRoute Behavior ::run [ RunTime:0.001434s ]
INFO: [ route_check ] --END-- [ RunTime:0.001642s ]
INFO: [ app_begin ] --START--
INFO: ReadHtmlCache Behavior ::run [ RunTime:0.001006s ]
INFO: [ app_begin ] --END-- [ RunTime:0.001212s ]
INFO: [ view_parse ] --START--
INFO: ParseTemplate Behavior ::run [ RunTime:0.014316s ]
INFO: [ view_parse ] --END-- [ RunTime:0.014527s ]
INFO: [ view_filter ] --START--
INFO: ContentReplace Behavior ::run [ RunTime:0.000830s ]
INFO: TokenBuild Behavior ::run [ RunTime:0.000777s ]
INFO: WriteHtmlCache Behavior ::run [ RunTime:0.000528s ]
INFO: ShowRuntime Behavior ::run [ RunTime:0.000900s ]
INFO: [ view_filter ] --END-- [ RunTime:0.003605s ]
INFO: [ view_end ] --START--
INFO: ShowPageTrace Behavior ::run [ RunTime:0.000999s ]
INFO: [ view_end ] --END-- [ RunTime:0.001182s ]

[ 2015-03-11T00:03:27+08:00 ] 127.0.0.1 /Blog/index.php/Admin/Index/system
INFO: [ route_check ] --START--
INFO: CheckRoute Behavior ::run [ RunTime:0.001097s ]
INFO: [ route_check ] --END-- [ RunTime:0.001297s ]
INFO: [ app_begin ] --START--
INFO: ReadHtmlCache Behavior ::run [ RunTime:0.000828s ]
INFO: [ app_begin ] --END-- [ RunTime:0.001043s ]
INFO: [ view_parse ] --START--
INFO: ParseTemplate Behavior ::run [ RunTime:0.023309s ]
INFO: [ view_parse ] --END-- [ RunTime:0.023564s ]
INFO: [ view_filter ] --START--
INFO: ContentReplace Behavior ::run [ RunTime:0.000816s ]
INFO: TokenBuild Behavior ::run [ RunTime:0.000706s ]
INFO: WriteHtmlCache Behavior ::run [ RunTime:0.000585s ]
INFO: ShowRuntime Behavior ::run [ RunTime:0.000845s ]
INFO: [ view_filter ] --END-- [ RunTime:0.003419s ]
INFO: [ view_end ] --START--
INFO: ShowPageTrace Behavior ::run [ RunTime:0.000935s ]
INFO: [ view_end ] --END-- [ RunTime:0.001116s ]

[ 2015-03-11T00:03:28+08:00 ] 127.0.0.1 /Blog/index.php/Admin/
INFO: [ route_check ] --START--
INFO: CheckRoute Behavior ::run [ RunTime:0.002054s ]
INFO: [ route_check ] --END-- [ RunTime:0.002386s ]
INFO: [ app_begin ] --START--
INFO: ReadHtmlCache Behavior ::run [ RunTime:0.001287s ]
INFO: [ app_begin ] --END-- [ RunTime:0.001618s ]
INFO: [ view_parse ] --START--
INFO: ParseTemplate Behavior ::run [ RunTime:0.016747s ]
INFO: [ view_parse ] --END-- [ RunTime:0.017018s ]
INFO: [ view_filter ] --START--
INFO: ContentReplace Behavior ::run [ RunTime:0.000691s ]
INFO: TokenBuild Behavior ::run [ RunTime:0.000631s ]
INFO: WriteHtmlCache Behavior ::run [ RunTime:0.000404s ]
INFO: ShowRuntime Behavior ::run [ RunTime:0.000764s ]
INFO: [ view_filter ] --END-- [ RunTime:0.002950s ]
INFO: [ view_end ] --START--
INFO: ShowPageTrace Behavior ::run [ RunTime:0.000890s ]
INFO: [ view_end ] --END-- [ RunTime:0.001057s ]

[ 2015-03-11T00:03:30+08:00 ] 127.0.0.1 /Blog/index.php/Admin/Index/content
INFO: [ route_check ] --START--
INFO: CheckRoute Behavior ::run [ RunTime:0.001148s ]
INFO: [ route_check ] --END-- [ RunTime:0.001359s ]
INFO: [ app_begin ] --START--
INFO: ReadHtmlCache Behavior ::run [ RunTime:0.000835s ]
INFO: [ app_begin ] --END-- [ RunTime:0.001037s ]
INFO: [ view_parse ] --START--
INFO: ParseTemplate Behavior ::run [ RunTime:0.035377s ]
INFO: [ view_parse ] --END-- [ RunTime:0.035594s ]
INFO: [ view_filter ] --START--
INFO: ContentReplace Behavior ::run [ RunTime:0.000880s ]
INFO: TokenBuild Behavior ::run [ RunTime:0.001043s ]
INFO: WriteHtmlCache Behavior ::run [ RunTime:0.000516s ]
INFO: ShowRuntime Behavior ::run [ RunTime:0.001046s ]
INFO: [ view_filter ] --END-- [ RunTime:0.003992s ]
INFO: [ view_end ] --START--
INFO: ShowPageTrace Behavior ::run [ RunTime:0.001090s ]
INFO: [ view_end ] --END-- [ RunTime:0.001307s ]

[ 2015-03-11T00:04:52+08:00 ] 127.0.0.1 /Blog/
INFO: [ app_begin ] --START--
INFO: ReadHtmlCache Behavior ::run [ RunTime:0.000948s ]
INFO: [ app_begin ] --END-- [ RunTime:0.001173s ]
INFO: [ view_parse ] --START--
INFO: ParseTemplate Behavior ::run [ RunTime:0.014542s ]
INFO: [ view_parse ] --END-- [ RunTime:0.014883s ]
INFO: [ view_filter ] --START--
INFO: ContentReplace Behavior ::run [ RunTime:0.000834s ]
INFO: TokenBuild Behavior ::run [ RunTime:0.000759s ]
INFO: WriteHtmlCache Behavior ::run [ RunTime:0.000420s ]
INFO: ShowRuntime Behavior ::run [ RunTime:0.000881s ]
INFO: [ view_filter ] --END-- [ RunTime:0.003397s ]
INFO: [ view_end ] --START--
INFO: ShowPageTrace Behavior ::run [ RunTime:0.000954s ]
INFO: [ view_end ] --END-- [ RunTime:0.001136s ]

[ 2015-03-11T00:07:16+08:00 ] 127.0.0.1 /Blog/
INFO: [ app_begin ] --START--
INFO: ReadHtmlCache Behavior ::run [ RunTime:0.001100s ]
INFO: [ app_begin ] --END-- [ RunTime:0.001304s ]
INFO: [ view_parse ] --START--
INFO: ParseTemplate Behavior ::run [ RunTime:0.014528s ]
INFO: [ view_parse ] --END-- [ RunTime:0.014760s ]
INFO: [ view_filter ] --START--
INFO: ContentReplace Behavior ::run [ RunTime:0.000858s ]
INFO: TokenBuild Behavior ::run [ RunTime:0.001231s ]
INFO: WriteHtmlCache Behavior ::run [ RunTime:0.000798s ]
INFO: ShowRuntime Behavior ::run [ RunTime:0.001474s ]
INFO: [ view_filter ] --END-- [ RunTime:0.005056s ]
INFO: [ view_end ] --START--
INFO: ShowPageTrace Behavior ::run [ RunTime:0.001606s ]
INFO: [ view_end ] --END-- [ RunTime:0.001869s ]

[ 2015-03-11T00:07:28+08:00 ] 127.0.0.1 /Blog/
INFO: [ app_begin ] --START--
INFO: ReadHtmlCache Behavior ::run [ RunTime:0.000882s ]
INFO: [ app_begin ] --END-- [ RunTime:0.001076s ]
INFO: [ view_parse ] --START--
INFO: ParseTemplate Behavior ::run [ RunTime:0.015771s ]
INFO: [ view_parse ] --END-- [ RunTime:0.015976s ]
INFO: [ view_filter ] --START--
INFO: ContentReplace Behavior ::run [ RunTime:0.000949s ]
INFO: TokenBuild Behavior ::run [ RunTime:0.000827s ]
INFO: WriteHtmlCache Behavior ::run [ RunTime:0.000472s ]
INFO: ShowRuntime Behavior ::run [ RunTime:0.000866s ]
INFO: [ view_filter ] --END-- [ RunTime:0.003707s ]
INFO: [ view_end ] --START--
INFO: ShowPageTrace Behavior ::run [ RunTime:0.001033s ]
INFO: [ view_end ] --END-- [ RunTime:0.001199s ]

[ 2015-03-11T08:45:57+08:00 ] 127.0.0.1 /Blog/
INFO: [ app_begin ] --START--
INFO: ReadHtmlCache Behavior ::run [ RunTime:0.000507s ]
INFO: [ app_begin ] --END-- [ RunTime:0.000610s ]
INFO: [ view_parse ] --START--
INFO: ParseTemplate Behavior ::run [ RunTime:0.006272s ]
INFO: [ view_parse ] --END-- [ RunTime:0.006382s ]
INFO: [ view_filter ] --START--
INFO: ContentReplace Behavior ::run [ RunTime:0.000537s ]
INFO: TokenBuild Behavior ::run [ RunTime:0.000567s ]
INFO: WriteHtmlCache Behavior ::run [ RunTime:0.000244s ]
INFO: ShowRuntime Behavior ::run [ RunTime:0.000376s ]
INFO: [ view_filter ] --END-- [ RunTime:0.001995s ]
INFO: [ view_end ] --START--
INFO: ShowPageTrace Behavior ::run [ RunTime:0.000452s ]
INFO: [ view_end ] --END-- [ RunTime:0.000540s ]

